Determining if the CL_VERSION_2_2 exist failed with the following output:
Change Dir: /home/denozi/Documents/Projects/hitag2crack/cmake-build-debug/CMakeFiles/CMakeTmp

Run Build Command(s):/usr/bin/make cmTC_85d0f/fast && /usr/bin/make  -f CMakeFiles/cmTC_85d0f.dir/build.make CMakeFiles/cmTC_85d0f.dir/build
make[1]: Entering directory '/home/denozi/Documents/Projects/hitag2crack/cmake-build-debug/CMakeFiles/CMakeTmp'
Building C object CMakeFiles/cmTC_85d0f.dir/CheckSymbolExists.c.o
/usr/bin/cc   -std=gnu99 -o CMakeFiles/cmTC_85d0f.dir/CheckSymbolExists.c.o -c /home/denozi/Documents/Projects/hitag2crack/cmake-build-debug/CMakeFiles/CMakeTmp/CheckSymbolExists.c
/home/denozi/Documents/Projects/hitag2crack/cmake-build-debug/CMakeFiles/CMakeTmp/CheckSymbolExists.c:2:10: fatal error: OpenCL_INCLUDE_DIR-NOTFOUND/CL/cl.h: No such file or directory
    2 | #include <OpenCL_INCLUDE_DIR-NOTFOUND/CL/cl.h>
      |          ^~~~~~~~~~~~~~~~~~~~~~~~~~~~~~~~~~~~~
compilation terminated.
make[1]: *** [CMakeFiles/cmTC_85d0f.dir/build.make:85: CMakeFiles/cmTC_85d0f.dir/CheckSymbolExists.c.o] Error 1
make[1]: Leaving directory '/home/denozi/Documents/Projects/hitag2crack/cmake-build-debug/CMakeFiles/CMakeTmp'
make: *** [Makefile:140: cmTC_85d0f/fast] Error 2


File /home/denozi/Documents/Projects/hitag2crack/cmake-build-debug/CMakeFiles/CMakeTmp/CheckSymbolExists.c:
/* */
#include <OpenCL_INCLUDE_DIR-NOTFOUND/CL/cl.h>

int main(int argc, char** argv)
{
  (void)argv;
#ifndef CL_VERSION_2_2
  return ((int*)(&CL_VERSION_2_2))[argc];
#else
  (void)argc;
  return 0;
#endif
}
Determining if the CL_VERSION_2_1 exist failed with the following output:
Change Dir: /home/denozi/Documents/Projects/hitag2crack/cmake-build-debug/CMakeFiles/CMakeTmp

Run Build Command(s):/usr/bin/make cmTC_c8190/fast && /usr/bin/make  -f CMakeFiles/cmTC_c8190.dir/build.make CMakeFiles/cmTC_c8190.dir/build
make[1]: Entering directory '/home/denozi/Documents/Projects/hitag2crack/cmake-build-debug/CMakeFiles/CMakeTmp'
Building C object CMakeFiles/cmTC_c8190.dir/CheckSymbolExists.c.o
/usr/bin/cc   -std=gnu99 -o CMakeFiles/cmTC_c8190.dir/CheckSymbolExists.c.o -c /home/denozi/Documents/Projects/hitag2crack/cmake-build-debug/CMakeFiles/CMakeTmp/CheckSymbolExists.c
/home/denozi/Documents/Projects/hitag2crack/cmake-build-debug/CMakeFiles/CMakeTmp/CheckSymbolExists.c:2:10: fatal error: OpenCL_INCLUDE_DIR-NOTFOUND/CL/cl.h: No such file or directory
    2 | #include <OpenCL_INCLUDE_DIR-NOTFOUND/CL/cl.h>
      |          ^~~~~~~~~~~~~~~~~~~~~~~~~~~~~~~~~~~~~
compilation terminated.
make[1]: *** [CMakeFiles/cmTC_c8190.dir/build.make:85: CMakeFiles/cmTC_c8190.dir/CheckSymbolExists.c.o] Error 1
make[1]: Leaving directory '/home/denozi/Documents/Projects/hitag2crack/cmake-build-debug/CMakeFiles/CMakeTmp'
make: *** [Makefile:140: cmTC_c8190/fast] Error 2


File /home/denozi/Documents/Projects/hitag2crack/cmake-build-debug/CMakeFiles/CMakeTmp/CheckSymbolExists.c:
/* */
#include <OpenCL_INCLUDE_DIR-NOTFOUND/CL/cl.h>

int main(int argc, char** argv)
{
  (void)argv;
#ifndef CL_VERSION_2_1
  return ((int*)(&CL_VERSION_2_1))[argc];
#else
  (void)argc;
  return 0;
#endif
}
Determining if the CL_VERSION_2_0 exist failed with the following output:
Change Dir: /home/denozi/Documents/Projects/hitag2crack/cmake-build-debug/CMakeFiles/CMakeTmp

Run Build Command(s):/usr/bin/make cmTC_94f92/fast && /usr/bin/make  -f CMakeFiles/cmTC_94f92.dir/build.make CMakeFiles/cmTC_94f92.dir/build
make[1]: Entering directory '/home/denozi/Documents/Projects/hitag2crack/cmake-build-debug/CMakeFiles/CMakeTmp'
Building C object CMakeFiles/cmTC_94f92.dir/CheckSymbolExists.c.o
/usr/bin/cc   -std=gnu99 -o CMakeFiles/cmTC_94f92.dir/CheckSymbolExists.c.o -c /home/denozi/Documents/Projects/hitag2crack/cmake-build-debug/CMakeFiles/CMakeTmp/CheckSymbolExists.c
/home/denozi/Documents/Projects/hitag2crack/cmake-build-debug/CMakeFiles/CMakeTmp/CheckSymbolExists.c:2:10: fatal error: OpenCL_INCLUDE_DIR-NOTFOUND/CL/cl.h: No such file or directory
    2 | #include <OpenCL_INCLUDE_DIR-NOTFOUND/CL/cl.h>
      |          ^~~~~~~~~~~~~~~~~~~~~~~~~~~~~~~~~~~~~
compilation terminated.
make[1]: *** [CMakeFiles/cmTC_94f92.dir/build.make:85: CMakeFiles/cmTC_94f92.dir/CheckSymbolExists.c.o] Error 1
make[1]: Leaving directory '/home/denozi/Documents/Projects/hitag2crack/cmake-build-debug/CMakeFiles/CMakeTmp'
make: *** [Makefile:140: cmTC_94f92/fast] Error 2


File /home/denozi/Documents/Projects/hitag2crack/cmake-build-debug/CMakeFiles/CMakeTmp/CheckSymbolExists.c:
/* */
#include <OpenCL_INCLUDE_DIR-NOTFOUND/CL/cl.h>

int main(int argc, char** argv)
{
  (void)argv;
#ifndef CL_VERSION_2_0
  return ((int*)(&CL_VERSION_2_0))[argc];
#else
  (void)argc;
  return 0;
#endif
}
Determining if the CL_VERSION_1_2 exist failed with the following output:
Change Dir: /home/denozi/Documents/Projects/hitag2crack/cmake-build-debug/CMakeFiles/CMakeTmp

Run Build Command(s):/usr/bin/make cmTC_7beed/fast && /usr/bin/make  -f CMakeFiles/cmTC_7beed.dir/build.make CMakeFiles/cmTC_7beed.dir/build
make[1]: Entering directory '/home/denozi/Documents/Projects/hitag2crack/cmake-build-debug/CMakeFiles/CMakeTmp'
Building C object CMakeFiles/cmTC_7beed.dir/CheckSymbolExists.c.o
/usr/bin/cc   -std=gnu99 -o CMakeFiles/cmTC_7beed.dir/CheckSymbolExists.c.o -c /home/denozi/Documents/Projects/hitag2crack/cmake-build-debug/CMakeFiles/CMakeTmp/CheckSymbolExists.c
/home/denozi/Documents/Projects/hitag2crack/cmake-build-debug/CMakeFiles/CMakeTmp/CheckSymbolExists.c:2:10: fatal error: OpenCL_INCLUDE_DIR-NOTFOUND/CL/cl.h: No such file or directory
    2 | #include <OpenCL_INCLUDE_DIR-NOTFOUND/CL/cl.h>
      |          ^~~~~~~~~~~~~~~~~~~~~~~~~~~~~~~~~~~~~
compilation terminated.
make[1]: *** [CMakeFiles/cmTC_7beed.dir/build.make:85: CMakeFiles/cmTC_7beed.dir/CheckSymbolExists.c.o] Error 1
make[1]: Leaving directory '/home/denozi/Documents/Projects/hitag2crack/cmake-build-debug/CMakeFiles/CMakeTmp'
make: *** [Makefile:140: cmTC_7beed/fast] Error 2


File /home/denozi/Documents/Projects/hitag2crack/cmake-build-debug/CMakeFiles/CMakeTmp/CheckSymbolExists.c:
/* */
#include <OpenCL_INCLUDE_DIR-NOTFOUND/CL/cl.h>

int main(int argc, char** argv)
{
  (void)argv;
#ifndef CL_VERSION_1_2
  return ((int*)(&CL_VERSION_1_2))[argc];
#else
  (void)argc;
  return 0;
#endif
}
Determining if the CL_VERSION_1_1 exist failed with the following output:
Change Dir: /home/denozi/Documents/Projects/hitag2crack/cmake-build-debug/CMakeFiles/CMakeTmp

Run Build Command(s):/usr/bin/make cmTC_9c436/fast && /usr/bin/make  -f CMakeFiles/cmTC_9c436.dir/build.make CMakeFiles/cmTC_9c436.dir/build
make[1]: Entering directory '/home/denozi/Documents/Projects/hitag2crack/cmake-build-debug/CMakeFiles/CMakeTmp'
Building C object CMakeFiles/cmTC_9c436.dir/CheckSymbolExists.c.o
/usr/bin/cc   -std=gnu99 -o CMakeFiles/cmTC_9c436.dir/CheckSymbolExists.c.o -c /home/denozi/Documents/Projects/hitag2crack/cmake-build-debug/CMakeFiles/CMakeTmp/CheckSymbolExists.c
/home/denozi/Documents/Projects/hitag2crack/cmake-build-debug/CMakeFiles/CMakeTmp/CheckSymbolExists.c:2:10: fatal error: OpenCL_INCLUDE_DIR-NOTFOUND/CL/cl.h: No such file or directory
    2 | #include <OpenCL_INCLUDE_DIR-NOTFOUND/CL/cl.h>
      |          ^~~~~~~~~~~~~~~~~~~~~~~~~~~~~~~~~~~~~
compilation terminated.
make[1]: *** [CMakeFiles/cmTC_9c436.dir/build.make:85: CMakeFiles/cmTC_9c436.dir/CheckSymbolExists.c.o] Error 1
make[1]: Leaving directory '/home/denozi/Documents/Projects/hitag2crack/cmake-build-debug/CMakeFiles/CMakeTmp'
make: *** [Makefile:140: cmTC_9c436/fast] Error 2


File /home/denozi/Documents/Projects/hitag2crack/cmake-build-debug/CMakeFiles/CMakeTmp/CheckSymbolExists.c:
/* */
#include <OpenCL_INCLUDE_DIR-NOTFOUND/CL/cl.h>

int main(int argc, char** argv)
{
  (void)argv;
#ifndef CL_VERSION_1_1
  return ((int*)(&CL_VERSION_1_1))[argc];
#else
  (void)argc;
  return 0;
#endif
}
Determining if the CL_VERSION_1_0 exist failed with the following output:
Change Dir: /home/denozi/Documents/Projects/hitag2crack/cmake-build-debug/CMakeFiles/CMakeTmp

Run Build Command(s):/usr/bin/make cmTC_850a2/fast && /usr/bin/make  -f CMakeFiles/cmTC_850a2.dir/build.make CMakeFiles/cmTC_850a2.dir/build
make[1]: Entering directory '/home/denozi/Documents/Projects/hitag2crack/cmake-build-debug/CMakeFiles/CMakeTmp'
Building C object CMakeFiles/cmTC_850a2.dir/CheckSymbolExists.c.o
/usr/bin/cc   -std=gnu99 -o CMakeFiles/cmTC_850a2.dir/CheckSymbolExists.c.o -c /home/denozi/Documents/Projects/hitag2crack/cmake-build-debug/CMakeFiles/CMakeTmp/CheckSymbolExists.c
/home/denozi/Documents/Projects/hitag2crack/cmake-build-debug/CMakeFiles/CMakeTmp/CheckSymbolExists.c:2:10: fatal error: OpenCL_INCLUDE_DIR-NOTFOUND/CL/cl.h: No such file or directory
    2 | #include <OpenCL_INCLUDE_DIR-NOTFOUND/CL/cl.h>
      |          ^~~~~~~~~~~~~~~~~~~~~~~~~~~~~~~~~~~~~
compilation terminated.
make[1]: *** [CMakeFiles/cmTC_850a2.dir/build.make:85: CMakeFiles/cmTC_850a2.dir/CheckSymbolExists.c.o] Error 1
make[1]: Leaving directory '/home/denozi/Documents/Projects/hitag2crack/cmake-build-debug/CMakeFiles/CMakeTmp'
make: *** [Makefile:140: cmTC_850a2/fast] Error 2


File /home/denozi/Documents/Projects/hitag2crack/cmake-build-debug/CMakeFiles/CMakeTmp/CheckSymbolExists.c:
/* */
#include <OpenCL_INCLUDE_DIR-NOTFOUND/CL/cl.h>

int main(int argc, char** argv)
{
  (void)argv;
#ifndef CL_VERSION_1_0
  return ((int*)(&CL_VERSION_1_0))[argc];
#else
  (void)argc;
  return 0;
#endif
}
